<?xml version="1.0" encoding="UTF-8"?>
<testsuite name="Add4BitTest[desktop]" tests="6" skipped="0" failures="0" errors="0" timestamp="2026-08-14T17:47:38.908Z" hostname="NeodeMacBook-Pro.local" time="0.041">
  <properties/>
  <testcase name="allPairsMatchIntegerAdd[desktop]" classname="com.neojou.humanformationcalculator.core.Add4BitTest" time="0.032"/>
  <testcase name="parseNibbleRules[desktop]" classname="com.neojou.humanformationcalculator.core.Add4BitTest" time="0.003"/>
  <testcase name="oneTickIsNotTheWholeAdd[desktop]" classname="com.neojou.humanformationcalculator.core.Add4BitTest" time="0.001"/>
  <testcase name="overflowCarry[desktop]" classname="com.neojou.humanformationcalculator.core.Add4BitTest" time="0.0"/>
  <testcase name="stepThenHaltDoesNotRun[desktop]" classname="com.neojou.humanformationcalculator.core.Add4BitTest" time="0.0"/>
  <testcase name="sevenPlusFive[desktop]" classname="com.neojou.humanformationcalculator.core.Add4BitTest" time="0.002"/>
  <system-out><![CDATA[]]></system-out>
  <system-err><![CDATA[]]></system-err>
</testsuite>
