<?xml version="1.0" encoding="UTF-8"?>
<testsuite name="Add4BitTest[desktop]" tests="5" skipped="0" failures="0" errors="0" timestamp="2026-08-14T15:28:09.724Z" hostname="NeodeMacBook-Pro.local" time="0.034">
  <properties/>
  <testcase name="allPairsMatchIntegerAdd[desktop]" classname="com.neojou.humanformationcalculator.core.Add4BitTest" time="0.025"/>
  <testcase name="parseNibbleRules[desktop]" classname="com.neojou.humanformationcalculator.core.Add4BitTest" time="0.003"/>
  <testcase name="overflowCarry[desktop]" classname="com.neojou.humanformationcalculator.core.Add4BitTest" time="0.001"/>
  <testcase name="stepThenHaltDoesNotRun[desktop]" classname="com.neojou.humanformationcalculator.core.Add4BitTest" time="0.0"/>
  <testcase name="sevenPlusFive[desktop]" classname="com.neojou.humanformationcalculator.core.Add4BitTest" time="0.003"/>
  <system-out><![CDATA[]]></system-out>
  <system-err><![CDATA[]]></system-err>
</testsuite>
